<?xml version="1.0" encoding="UTF-8"?>
<!-- Generated by org.testng.reporters.JUnitXMLReporter -->
<testsuite ignored="0" hostname="sud-dev-uk-6adf" failures="0" tests="4" name="Command line test" time="20.335" errors="0" timestamp="05 Oct 2023 16:07:17 GMT">
  <testcase classname="org.teststeps.TestFlipcartSteps" name="searchAProduct" time="7.492"/>
  <testcase classname="org.teststeps.TestFlipcartSteps" name="selectFirstSearchedResultProduct" time="1.279"/>
  <testcase classname="org.teststeps.TestFlipcartSteps" name="addingAProductIntoCart" time="9.363"/>
  <testcase classname="org.teststeps.TestFlipcartSteps" name="veriftThatPorductHasAddedToTheCart" time="2.13"/>
</testsuite> <!-- Command line test -->
