<?xml version="1.0" encoding="UTF-8"?>
<testng-results ignored="0" total="4" passed="4" failed="0" skipped="0">
  <reporter-output>
  </reporter-output>
  <suite started-at="2023-10-05T16:06:57Z" name="org.teststeps.TestFlipcartSteps" finished-at="2023-10-05T16:07:17Z" duration-ms="20335">
    <groups>
    </groups>
    <test started-at="2023-10-05T16:06:57Z" name="Command line test" finished-at="2023-10-05T16:07:17Z" duration-ms="20335">
      <class name="org.teststeps.TestFlipcartSteps">
        <test-method is-config="true" signature="oneTimeSetup(java.lang.String)[pri:0, instance:org.teststeps.TestFlipcartSteps@dbf57b3]" started-at="2023-10-05T16:06:29Z" name="oneTimeSetup" finished-at="2023-10-05T16:06:57Z" duration-ms="27261" status="PASS">
          <params>
            <param index="0">
              <value>
                <![CDATA[chrome]]>
              </value>
            </param>
          </params>
          <reporter-output>
          </reporter-output>
        </test-method> <!-- oneTimeSetup -->
        <test-method signature="searchAProduct()[pri:0, instance:org.teststeps.TestFlipcartSteps@dbf57b3]" started-at="2023-10-05T16:06:57Z" name="searchAProduct" finished-at="2023-10-05T16:07:04Z" duration-ms="7492" status="PASS">
          <reporter-output>
          </reporter-output>
        </test-method> <!-- searchAProduct -->
        <test-method signature="selectFirstSearchedResultProduct()[pri:1, instance:org.teststeps.TestFlipcartSteps@dbf57b3]" started-at="2023-10-05T16:07:04Z" name="selectFirstSearchedResultProduct" finished-at="2023-10-05T16:07:05Z" duration-ms="1279" status="PASS">
          <reporter-output>
          </reporter-output>
        </test-method> <!-- selectFirstSearchedResultProduct -->
        <test-method signature="addingAProductIntoCart()[pri:2, instance:org.teststeps.TestFlipcartSteps@dbf57b3]" started-at="2023-10-05T16:07:05Z" name="addingAProductIntoCart" finished-at="2023-10-05T16:07:15Z" duration-ms="9363" status="PASS">
          <reporter-output>
          </reporter-output>
        </test-method> <!-- addingAProductIntoCart -->
        <test-method signature="veriftThatPorductHasAddedToTheCart()[pri:3, instance:org.teststeps.TestFlipcartSteps@dbf57b3]" started-at="2023-10-05T16:07:15Z" name="veriftThatPorductHasAddedToTheCart" finished-at="2023-10-05T16:07:17Z" duration-ms="2130" status="PASS">
          <reporter-output>
          </reporter-output>
        </test-method> <!-- veriftThatPorductHasAddedToTheCart -->
        <test-method is-config="true" signature="oneTimeTearDown()[pri:0, instance:org.teststeps.TestFlipcartSteps@dbf57b3]" started-at="2023-10-05T16:07:17Z" name="oneTimeTearDown" finished-at="2023-10-05T16:07:20Z" duration-ms="2531" status="PASS">
          <reporter-output>
          </reporter-output>
        </test-method> <!-- oneTimeTearDown -->
      </class> <!-- org.teststeps.TestFlipcartSteps -->
    </test> <!-- Command line test -->
  </suite> <!-- org.teststeps.TestFlipcartSteps -->
</testng-results>
