<?xml version="1.0" encoding="UTF-8" ?>
<testsuite tests="4" failures="0" name="org.teststeps.TestFlipcartSteps" time="20.267" errors="0" skipped="0">
  <properties>
[...]
</properties>
  <testcase classname="org.teststeps.TestFlipcartSteps" name="searchAProduct" time="7.503"/>
  <testcase classname="org.teststeps.TestFlipcartSteps" name="selectFirstSearchedResultProduct" time="1.271"/>
  <testcase classname="org.teststeps.TestFlipcartSteps" name="addingAProductIntoCart" time="9.363"/>
  <testcase classname="org.teststeps.TestFlipcartSteps" name="veriftThatPorductHasAddedToTheCart" time="2.13"/>
</testsuite>