<?xml version="1.0" encoding="UTF-8"?>
<!-- Generated by org.testng.reporters.JUnitXMLReporter -->
<testsuite ignored="0" hostname="sud-dev-uk-6adf" failures="0" tests="4" name="Default test" time="16.271" errors="0" timestamp="05 Oct 2023 15:44:51 GMT">
  <testcase classname="org.teststeps.TestFlipcartSteps" name="searchAProduct" time="4.382"/>
  <testcase classname="org.teststeps.TestFlipcartSteps" name="selectFirstSearchedResultProduct" time="0.549"/>
  <testcase classname="org.teststeps.TestFlipcartSteps" name="addingAProductIntoCart" time="9.479"/>
  <testcase classname="org.teststeps.TestFlipcartSteps" name="veriftThatPorductHasAddedToTheCart" time="1.822"/>
</testsuite> <!-- Default test -->
