<?xml version="1.0" encoding="UTF-8"?>
<!-- Generated by org.testng.reporters.JUnitXMLReporter -->
<testsuite hostname="sud-dev-uk-6adf" ignored="0" name="Surefire test" tests="4" failures="0" timestamp="05 Oct 2023 15:52:23 GMT" time="14.55" errors="0">
  <testcase name="searchAProduct" time="4.201" classname="org.teststeps.TestFlipcartSteps"/>
  <testcase name="selectFirstSearchedResultProduct" time="0.301" classname="org.teststeps.TestFlipcartSteps"/>
  <testcase name="addingAProductIntoCart" time="6.071" classname="org.teststeps.TestFlipcartSteps"/>
  <testcase name="veriftThatPorductHasAddedToTheCart" time="3.947" classname="org.teststeps.TestFlipcartSteps"/>
</testsuite> <!-- Surefire test -->
