<?xml version="1.0" encoding="UTF-8"?>
<testng-results ignored="0" total="4" passed="4" failed="0" skipped="0">
  <reporter-output>
  </reporter-output>
  <suite started-at="2023-10-05T15:44:35Z" name="Default suite" finished-at="2023-10-05T15:44:51Z" duration-ms="16271">
    <groups>
    </groups>
    <test started-at="2023-10-05T15:44:35Z" name="Default test" finished-at="2023-10-05T15:44:51Z" duration-ms="16271">
      <class name="org.teststeps.TestFlipcartSteps">
        <test-method is-config="true" signature="oneTimeSetup(java.lang.String)[pri:0, instance:org.teststeps.TestFlipcartSteps@6cce16f4]" started-at="2023-10-05T15:44:14Z" name="oneTimeSetup" finished-at="2023-10-05T15:44:35Z" duration-ms="20833" status="PASS">
          <params>
            <param index="0">
              <value>
                <![CDATA[chrome]]>
              </value>
            </param>
          </params>
          <reporter-output>
          </reporter-output>
        </test-method> <!-- oneTimeSetup -->
        <test-method signature="searchAProduct()[pri:0, instance:org.teststeps.TestFlipcartSteps@6cce16f4]" started-at="2023-10-05T15:44:35Z" name="searchAProduct" finished-at="2023-10-05T15:44:39Z" duration-ms="4382" status="PASS">
          <reporter-output>
          </reporter-output>
        </test-method> <!-- searchAProduct -->
        <test-method signature="selectFirstSearchedResultProduct()[pri:1, instance:org.teststeps.TestFlipcartSteps@6cce16f4]" started-at="2023-10-05T15:44:39Z" name="selectFirstSearchedResultProduct" finished-at="2023-10-05T15:44:40Z" duration-ms="549" status="PASS">
          <reporter-output>
          </reporter-output>
        </test-method> <!-- selectFirstSearchedResultProduct -->
        <test-method signature="addingAProductIntoCart()[pri:2, instance:org.teststeps.TestFlipcartSteps@6cce16f4]" started-at="2023-10-05T15:44:40Z" name="addingAProductIntoCart" finished-at="2023-10-05T15:44:49Z" duration-ms="9479" status="PASS">
          <reporter-output>
          </reporter-output>
        </test-method> <!-- addingAProductIntoCart -->
        <test-method signature="veriftThatPorductHasAddedToTheCart()[pri:3, instance:org.teststeps.TestFlipcartSteps@6cce16f4]" started-at="2023-10-05T15:44:49Z" name="veriftThatPorductHasAddedToTheCart" finished-at="2023-10-05T15:44:51Z" duration-ms="1822" status="PASS">
          <reporter-output>
          </reporter-output>
        </test-method> <!-- veriftThatPorductHasAddedToTheCart -->
        <test-method is-config="true" signature="oneTimeTearDown()[pri:0, instance:org.teststeps.TestFlipcartSteps@6cce16f4]" started-at="2023-10-05T15:44:51Z" name="oneTimeTearDown" finished-at="2023-10-05T15:44:52Z" duration-ms="1170" status="PASS">
          <reporter-output>
          </reporter-output>
        </test-method> <!-- oneTimeTearDown -->
      </class> <!-- org.teststeps.TestFlipcartSteps -->
    </test> <!-- Default test -->
  </suite> <!-- Default suite -->
</testng-results>
